<?xml version="1.0" encoding="UTF-8"?>
<testng-results skipped="0" failed="0" total="1" passed="1">
  <reporter-output>
  </reporter-output>
  <suite name="Default suite" duration-ms="14132" started-at="2016-07-01T14:27:25Z" finished-at="2016-07-01T14:27:39Z">
    <groups>
    </groups>
    <test name="Default test" duration-ms="14132" started-at="2016-07-01T14:27:25Z" finished-at="2016-07-01T14:27:39Z">
      <class name="org.ts.mtproject.testcases.MTB_TC1_Login">
        <test-method status="PASS" signature="loginTC()[pri:0, instance:org.ts.mtproject.testcases.MTB_TC1_Login@53a49bfa]" name="loginTC" duration-ms="13129" started-at="2016-07-01T09:27:25Z" finished-at="2016-07-01T09:27:38Z">
          <reporter-output>
          </reporter-output>
        </test-method> <!-- loginTC -->
        <test-method status="PASS" signature="validateTestStandar(org.testng.ITestResult)[pri:0, instance:org.ts.mtproject.testcases.MTB_TC1_Login@53a49bfa]" name="validateTestStandar" is-config="true" duration-ms="2" started-at="2016-07-01T09:27:38Z" finished-at="2016-07-01T09:27:38Z">
          <params>
            <param index="0">
              <value>
                <![CDATA[[TestResult name=loginTC status=SUCCESS method=MTB_TC1_Login.loginTC()[pri:0, instance:org.ts.mtproject.testcases.MTB_TC1_Login@53a49bfa] output={null}]]]>
              </value>
            </param>
          </params>
          <reporter-output>
          </reporter-output>
        </test-method> <!-- validateTestStandar -->
        <test-method status="PASS" signature="after()[pri:0, instance:org.ts.mtproject.testcases.MTB_TC1_Login@53a49bfa]" name="after" is-config="true" duration-ms="974" started-at="2016-07-01T09:27:38Z" finished-at="2016-07-01T09:27:39Z">
          <reporter-output>
          </reporter-output>
        </test-method> <!-- after -->
      </class> <!-- org.ts.mtproject.testcases.MTB_TC1_Login -->
    </test> <!-- Default test -->
  </suite> <!-- Default suite -->
</testng-results>
