<?xml version="1.0" encoding="UTF-8"?>
<testng-results skipped="0" failed="0" total="1" passed="1">
  <reporter-output>
  </reporter-output>
  <suite name="Default suite" duration-ms="7452" started-at="2016-07-05T21:54:44Z" finished-at="2016-07-05T21:54:51Z">
    <groups>
    </groups>
    <test name="Default test" duration-ms="7452" started-at="2016-07-05T21:54:44Z" finished-at="2016-07-05T21:54:51Z">
      <class name="org.ts.mtproject.testcases.MTB_TC1_Login">
        <test-method status="PASS" signature="loginTC()[pri:0, instance:org.ts.mtproject.testcases.MTB_TC1_Login@140c9f39]" name="loginTC" duration-ms="6366" started-at="2016-07-05T16:54:44Z" finished-at="2016-07-05T16:54:50Z">
          <reporter-output>
          </reporter-output>
        </test-method> <!-- loginTC -->
        <test-method status="PASS" signature="validateTestStandar(org.testng.ITestResult)[pri:0, instance:org.ts.mtproject.testcases.MTB_TC1_Login@140c9f39]" name="validateTestStandar" is-config="true" duration-ms="1" started-at="2016-07-05T16:54:50Z" finished-at="2016-07-05T16:54:50Z">
          <params>
            <param index="0">
              <value>
                <![CDATA[[TestResult name=loginTC status=SUCCESS method=MTB_TC1_Login.loginTC()[pri:0, instance:org.ts.mtproject.testcases.MTB_TC1_Login@140c9f39] output={null}]]]>
              </value>
            </param>
          </params>
          <reporter-output>
          </reporter-output>
        </test-method> <!-- validateTestStandar -->
        <test-method status="PASS" signature="after()[pri:0, instance:org.ts.mtproject.testcases.MTB_TC1_Login@140c9f39]" name="after" is-config="true" duration-ms="1066" started-at="2016-07-05T16:54:50Z" finished-at="2016-07-05T16:54:51Z">
          <reporter-output>
          </reporter-output>
        </test-method> <!-- after -->
      </class> <!-- org.ts.mtproject.testcases.MTB_TC1_Login -->
    </test> <!-- Default test -->
  </suite> <!-- Default suite -->
</testng-results>
